This file contains any messages produced by compilers while
running configure, to aid debugging if configure makes a mistake.

It was created by prime_select configure 0.0.1, which was
generated by GNU Autoconf 2.69.  Invocation command line was

  $ ./configure --prefix=/usr

## --------- ##
## Platform. ##
## --------- ##

hostname = blade
uname -m = x86_64
uname -r = 4.17.10-custom
uname -s = Linux
uname -v = #1 SMP Wed Jul 25 12:00:33 CDT 2018

/usr/bin/uname -p = unknown
/bin/uname -X     = unknown

/bin/arch              = unknown
/usr/bin/arch -k       = unknown
/usr/convex/getsysinfo = unknown
/usr/bin/hostinfo      = unknown
/bin/machine           = unknown
/usr/bin/oslevel       = unknown
/bin/universe          = unknown

PATH: /usr/local/bin
PATH: /usr/bin
PATH: /bin
PATH: /usr/local/games
PATH: /usr/games


## ----------- ##
## Core tests. ##
## ----------- ##

configure:2160: checking for gcc
configure:2176: found /usr/bin/gcc
configure:2187: result: gcc
configure:2416: checking for C compiler version
configure:2425: gcc --version >&5
gcc (Debian 7.3.0-27) 7.3.0
Copyright (C) 2017 Free Software Foundation, Inc.
This is free software; see the source for copying conditions.  There is NO
warranty; not even for MERCHANTABILITY or FITNESS FOR A PARTICULAR PURPOSE.

configure:2436: $? = 0
configure:2425: gcc -v >&5
Using built-in specs.
COLLECT_GCC=gcc
COLLECT_LTO_WRAPPER=/usr/lib/gcc/x86_64-linux-gnu/7/lto-wrapper
OFFLOAD_TARGET_NAMES=nvptx-none
OFFLOAD_TARGET_DEFAULT=1
Target: x86_64-linux-gnu
Configured with: ../src/configure -v --with-pkgversion='Debian 7.3.0-27' --with-bugurl=file:///usr/share/doc/gcc-7/README.Bugs --enable-languages=c,ada,c++,go,brig,d,fortran,objc,obj-c++ --prefix=/usr --with-gcc-major-version-only --program-suffix=-7 --program-prefix=x86_64-linux-gnu- --enable-shared --enable-linker-build-id --libexecdir=/usr/lib --without-included-gettext --enable-threads=posix --libdir=/usr/lib --enable-nls --with-sysroot=/ --enable-clocale=gnu --enable-libstdcxx-debug --enable-libstdcxx-time=yes --with-default-libstdcxx-abi=new --enable-gnu-unique-object --disable-vtable-verify --enable-libmpx --enable-plugin --enable-default-pie --with-system-zlib --with-target-system-zlib --enable-objc-gc=auto --enable-multiarch --disable-werror --with-arch-32=i686 --with-abi=m64 --with-multilib-list=m32,m64,mx32 --enable-multilib --with-tune=generic --enable-offload-targets=nvptx-none --without-cuda-driver --enable-checking=release --build=x86_64-linux-gnu --host=x86_64-linux-gnu --target=x86_64-linux-gnu
Thread model: posix
gcc version 7.3.0 (Debian 7.3.0-27) 
configure:2436: $? = 0
configure:2425: gcc -V >&5
gcc: error: unrecognized command line option '-V'
gcc: fatal error: no input files
compilation terminated.
configure:2436: $? = 1
configure:2425: gcc -qversion >&5
gcc: error: unrecognized command line option '-qversion'; did you mean '--version'?
gcc: fatal error: no input files
compilation terminated.
configure:2436: $? = 1
configure:2456: checking whether the C compiler works
configure:2478: gcc    conftest.c  >&5
configure:2482: $? = 0
configure:2530: result: yes
configure:2533: checking for C compiler default output file name
configure:2535: result: a.out
configure:2541: checking for suffix of executables
configure:2548: gcc -o conftest    conftest.c  >&5
configure:2552: $? = 0
configure:2574: result: 
configure:2596: checking whether we are cross compiling
configure:2604: gcc -o conftest    conftest.c  >&5
configure:2608: $? = 0
configure:2615: ./conftest
configure:2619: $? = 0
configure:2634: result: no
configure:2639: checking for suffix of object files
configure:2661: gcc -c   conftest.c >&5
configure:2665: $? = 0
configure:2686: result: o
configure:2690: checking whether we are using the GNU C compiler
configure:2709: gcc -c   conftest.c >&5
configure:2709: $? = 0
configure:2718: result: yes
configure:2727: checking whether gcc accepts -g
configure:2747: gcc -c -g  conftest.c >&5
configure:2747: $? = 0
configure:2788: result: yes
configure:2805: checking for gcc option to accept ISO C89
configure:2868: gcc  -c -g -O2  conftest.c >&5
configure:2868: $? = 0
configure:2881: result: none needed
configure:2978: checking for pkg-config
configure:2996: found /usr/bin/pkg-config
configure:3008: result: /usr/bin/pkg-config
configure:3033: checking pkg-config is at least version 0.16
configure:3036: result: yes
configure:3049: checking for GTK+ - version >= 3.0.0
configure:3156: gcc -o conftest -g -O2 -pthread -I/usr/include/gtk-3.0 -I/usr/include/at-spi2-atk/2.0 -I/usr/include/at-spi-2.0 -I/usr/include/dbus-1.0 -I/usr/lib/x86_64-linux-gnu/dbus-1.0/include -I/usr/include/gtk-3.0 -I/usr/include/gio-unix-2.0/ -I/usr/include/cairo -I/usr/include/pango-1.0 -I/usr/include/harfbuzz -I/usr/include/pango-1.0 -I/usr/include/fribidi -I/usr/include/atk-1.0 -I/usr/include/cairo -I/usr/include/pixman-1 -I/usr/include/uuid -I/usr/include/freetype2 -I/usr/include/libpng16 -I/usr/include/gdk-pixbuf-2.0 -I/usr/include/libpng16 -I/usr/include/glib-2.0 -I/usr/lib/x86_64-linux-gnu/glib-2.0/include   conftest.c -lgtk-3 -lgdk-3 -lpangocairo-1.0 -lpango-1.0 -latk-1.0 -lcairo-gobject -lcairo -lgdk_pixbuf-2.0 -lgio-2.0 -lgobject-2.0 -lglib-2.0  >&5
configure:3156: $? = 0
configure:3156: ./conftest
configure:3156: $? = 0
configure:3170: result: yes (version 3.22.30)
configure:3233: checking for xrandr
configure:3249: found /usr/bin/xrandr
configure:3260: result: yes
configure:3274: checking for lspci
configure:3290: found /usr/bin/lspci
configure:3301: result: yes
configure:3315: checking for grep
configure:3331: found /bin/grep
configure:3342: result: yes
configure:3403: checking for gcc
configure:3430: result: gcc
configure:3659: checking for C compiler version
configure:3668: gcc --version >&5
gcc (Debian 7.3.0-27) 7.3.0
Copyright (C) 2017 Free Software Foundation, Inc.
This is free software; see the source for copying conditions.  There is NO
warranty; not even for MERCHANTABILITY or FITNESS FOR A PARTICULAR PURPOSE.

configure:3679: $? = 0
configure:3668: gcc -v >&5
Using built-in specs.
COLLECT_GCC=gcc
COLLECT_LTO_WRAPPER=/usr/lib/gcc/x86_64-linux-gnu/7/lto-wrapper
OFFLOAD_TARGET_NAMES=nvptx-none
OFFLOAD_TARGET_DEFAULT=1
Target: x86_64-linux-gnu
Configured with: ../src/configure -v --with-pkgversion='Debian 7.3.0-27' --with-bugurl=file:///usr/share/doc/gcc-7/README.Bugs --enable-languages=c,ada,c++,go,brig,d,fortran,objc,obj-c++ --prefix=/usr --with-gcc-major-version-only --program-suffix=-7 --program-prefix=x86_64-linux-gnu- --enable-shared --enable-linker-build-id --libexecdir=/usr/lib --without-included-gettext --enable-threads=posix --libdir=/usr/lib --enable-nls --with-sysroot=/ --enable-clocale=gnu --enable-libstdcxx-debug --enable-libstdcxx-time=yes --with-default-libstdcxx-abi=new --enable-gnu-unique-object --disable-vtable-verify --enable-libmpx --enable-plugin --enable-default-pie --with-system-zlib --with-target-system-zlib --enable-objc-gc=auto --enable-multiarch --disable-werror --with-arch-32=i686 --with-abi=m64 --with-multilib-list=m32,m64,mx32 --enable-multilib --with-tune=generic --enable-offload-targets=nvptx-none --without-cuda-driver --enable-checking=release --build=x86_64-linux-gnu --host=x86_64-linux-gnu --target=x86_64-linux-gnu
Thread model: posix
gcc version 7.3.0 (Debian 7.3.0-27) 
configure:3679: $? = 0
configure:3668: gcc -V >&5
gcc: error: unrecognized command line option '-V'
gcc: fatal error: no input files
compilation terminated.
configure:3679: $? = 1
configure:3668: gcc -qversion >&5
gcc: error: unrecognized command line option '-qversion'; did you mean '--version'?
gcc: fatal error: no input files
compilation terminated.
configure:3679: $? = 1
configure:3683: checking whether we are using the GNU C compiler
configure:3711: result: yes
configure:3720: checking whether gcc accepts -g
configure:3781: result: yes
configure:3798: checking for gcc option to accept ISO C89
configure:3874: result: none needed
configure:3903: checking how to run the C preprocessor
configure:3934: gcc -E  conftest.c
configure:3934: $? = 0
configure:3948: gcc -E  conftest.c
conftest.c:9:10: fatal error: ac_nonexistent.h: No such file or directory
 #include <ac_nonexistent.h>
          ^~~~~~~~~~~~~~~~~~
compilation terminated.
configure:3948: $? = 1
configure: failed program was:
| /* confdefs.h */
| #define PACKAGE_NAME "prime_select"
| #define PACKAGE_TARNAME "prime_select"
| #define PACKAGE_VERSION "0.0.1"
| #define PACKAGE_STRING "prime_select 0.0.1"
| #define PACKAGE_BUGREPORT "jjh@sipmeeting.com"
| #define PACKAGE_URL ""
| /* end confdefs.h.  */
| #include <ac_nonexistent.h>
configure:3973: result: gcc -E
configure:3993: gcc -E  conftest.c
configure:3993: $? = 0
configure:4007: gcc -E  conftest.c
conftest.c:9:10: fatal error: ac_nonexistent.h: No such file or directory
 #include <ac_nonexistent.h>
          ^~~~~~~~~~~~~~~~~~
compilation terminated.
configure:4007: $? = 1
configure: failed program was:
| /* confdefs.h */
| #define PACKAGE_NAME "prime_select"
| #define PACKAGE_TARNAME "prime_select"
| #define PACKAGE_VERSION "0.0.1"
| #define PACKAGE_STRING "prime_select 0.0.1"
| #define PACKAGE_BUGREPORT "jjh@sipmeeting.com"
| #define PACKAGE_URL ""
| /* end confdefs.h.  */
| #include <ac_nonexistent.h>
configure:4036: checking for grep that handles long lines and -e
configure:4094: result: /bin/grep
configure:4099: checking for egrep
configure:4161: result: /bin/grep -E
configure:4166: checking for ANSI C header files
configure:4186: gcc -c -g -O2  conftest.c >&5
configure:4186: $? = 0
configure:4259: gcc -o conftest -g -O2   conftest.c  >&5
configure:4259: $? = 0
configure:4259: ./conftest
configure:4259: $? = 0
configure:4270: result: yes
configure:4283: checking for sys/types.h
configure:4283: gcc -c -g -O2  conftest.c >&5
configure:4283: $? = 0
configure:4283: result: yes
configure:4283: checking for sys/stat.h
configure:4283: gcc -c -g -O2  conftest.c >&5
configure:4283: $? = 0
configure:4283: result: yes
configure:4283: checking for stdlib.h
configure:4283: gcc -c -g -O2  conftest.c >&5
configure:4283: $? = 0
configure:4283: result: yes
configure:4283: checking for string.h
configure:4283: gcc -c -g -O2  conftest.c >&5
configure:4283: $? = 0
configure:4283: result: yes
configure:4283: checking for memory.h
configure:4283: gcc -c -g -O2  conftest.c >&5
configure:4283: $? = 0
configure:4283: result: yes
configure:4283: checking for strings.h
configure:4283: gcc -c -g -O2  conftest.c >&5
configure:4283: $? = 0
configure:4283: result: yes
configure:4283: checking for inttypes.h
configure:4283: gcc -c -g -O2  conftest.c >&5
configure:4283: $? = 0
configure:4283: result: yes
configure:4283: checking for stdint.h
configure:4283: gcc -c -g -O2  conftest.c >&5
configure:4283: $? = 0
configure:4283: result: yes
configure:4283: checking for unistd.h
configure:4283: gcc -c -g -O2  conftest.c >&5
configure:4283: $? = 0
configure:4283: result: yes
configure:4298: checking for stdlib.h
configure:4298: result: yes
configure:4298: checking for unistd.h
configure:4298: result: yes
configure:4298: checking stdbool.h usability
configure:4298: gcc -c -g -O2  conftest.c >&5
configure:4298: $? = 0
configure:4298: result: yes
configure:4298: checking stdbool.h presence
configure:4298: gcc -E  conftest.c
configure:4298: $? = 0
configure:4298: result: yes
configure:4298: checking for stdbool.h
configure:4298: result: yes
configure:4298: checking stdio.h usability
configure:4298: gcc -c -g -O2  conftest.c >&5
configure:4298: $? = 0
configure:4298: result: yes
configure:4298: checking stdio.h presence
configure:4298: gcc -E  conftest.c
configure:4298: $? = 0
configure:4298: result: yes
configure:4298: checking for stdio.h
configure:4298: result: yes
configure:4310: checking for stdbool.h that conforms to C99
configure:4384: result: yes
configure:4386: checking for _Bool
configure:4386: gcc -c -g -O2  conftest.c >&5
configure:4386: $? = 0
configure:4386: gcc -c -g -O2  conftest.c >&5
conftest.c: In function 'main':
conftest.c:59:20: error: expected expression before ')' token
 if (sizeof ((_Bool)))
                    ^
configure:4386: $? = 1
configure: failed program was:
| /* confdefs.h */
| #define PACKAGE_NAME "prime_select"
| #define PACKAGE_TARNAME "prime_select"
| #define PACKAGE_VERSION "0.0.1"
| #define PACKAGE_STRING "prime_select 0.0.1"
| #define PACKAGE_BUGREPORT "jjh@sipmeeting.com"
| #define PACKAGE_URL ""
| #define STDC_HEADERS 1
| #define HAVE_SYS_TYPES_H 1
| #define HAVE_SYS_STAT_H 1
| #define HAVE_STDLIB_H 1
| #define HAVE_STRING_H 1
| #define HAVE_MEMORY_H 1
| #define HAVE_STRINGS_H 1
| #define HAVE_INTTYPES_H 1
| #define HAVE_STDINT_H 1
| #define HAVE_UNISTD_H 1
| #define HAVE_STDLIB_H 1
| #define HAVE_UNISTD_H 1
| #define HAVE_STDBOOL_H 1
| #define HAVE_STDIO_H 1
| /* end confdefs.h.  */
| #include <stdio.h>
| #ifdef HAVE_SYS_TYPES_H
| # include <sys/types.h>
| #endif
| #ifdef HAVE_SYS_STAT_H
| # include <sys/stat.h>
| #endif
| #ifdef STDC_HEADERS
| # include <stdlib.h>
| # include <stddef.h>
| #else
| # ifdef HAVE_STDLIB_H
| #  include <stdlib.h>
| # endif
| #endif
| #ifdef HAVE_STRING_H
| # if !defined STDC_HEADERS && defined HAVE_MEMORY_H
| #  include <memory.h>
| # endif
| # include <string.h>
| #endif
| #ifdef HAVE_STRINGS_H
| # include <strings.h>
| #endif
| #ifdef HAVE_INTTYPES_H
| # include <inttypes.h>
| #endif
| #ifdef HAVE_STDINT_H
| # include <stdint.h>
| #endif
| #ifdef HAVE_UNISTD_H
| # include <unistd.h>
| #endif
| int
| main ()
| {
| if (sizeof ((_Bool)))
| 	    return 0;
|   ;
|   return 0;
| }
configure:4386: result: yes
configure:4514: creating ./config.status

## ---------------------- ##
## Running config.status. ##
## ---------------------- ##

This file was extended by prime_select config.status 0.0.1, which was
generated by GNU Autoconf 2.69.  Invocation command line was

  CONFIG_FILES    = 
  CONFIG_HEADERS  = 
  CONFIG_LINKS    = 
  CONFIG_COMMANDS = 
  $ ./config.status 

on blade

config.status:679: creating config.h
config.status:769: config.h is unchanged
configure:5534: creating ./config.status

## ---------------------- ##
## Running config.status. ##
## ---------------------- ##

This file was extended by prime_select config.status 0.0.1, which was
generated by GNU Autoconf 2.69.  Invocation command line was

  CONFIG_FILES    = 
  CONFIG_HEADERS  = 
  CONFIG_LINKS    = 
  CONFIG_COMMANDS = 
  $ ./config.status 

on blade

config.status:814: creating Makefile
config.status:814: creating config.h
config.status:984: config.h is unchanged

## ---------------- ##
## Cache variables. ##
## ---------------- ##

ac_cv_c_compiler_gnu=yes
ac_cv_env_CC_set=
ac_cv_env_CC_value=
ac_cv_env_CFLAGS_set=
ac_cv_env_CFLAGS_value=
ac_cv_env_CPPFLAGS_set=
ac_cv_env_CPPFLAGS_value=
ac_cv_env_CPP_set=
ac_cv_env_CPP_value=
ac_cv_env_LDFLAGS_set=
ac_cv_env_LDFLAGS_value=
ac_cv_env_LIBS_set=
ac_cv_env_LIBS_value=
ac_cv_env_PKG_CONFIG_LIBDIR_set=
ac_cv_env_PKG_CONFIG_LIBDIR_value=
ac_cv_env_PKG_CONFIG_PATH_set=
ac_cv_env_PKG_CONFIG_PATH_value=
ac_cv_env_PKG_CONFIG_set=
ac_cv_env_PKG_CONFIG_value=
ac_cv_env_build_alias_set=
ac_cv_env_build_alias_value=
ac_cv_env_host_alias_set=
ac_cv_env_host_alias_value=
ac_cv_env_target_alias_set=
ac_cv_env_target_alias_value=
ac_cv_header_inttypes_h=yes
ac_cv_header_memory_h=yes
ac_cv_header_stdbool_h=yes
ac_cv_header_stdc=yes
ac_cv_header_stdint_h=yes
ac_cv_header_stdio_h=yes
ac_cv_header_stdlib_h=yes
ac_cv_header_string_h=yes
ac_cv_header_strings_h=yes
ac_cv_header_sys_stat_h=yes
ac_cv_header_sys_types_h=yes
ac_cv_header_unistd_h=yes
ac_cv_objext=o
ac_cv_path_EGREP='/bin/grep -E'
ac_cv_path_GREP=/bin/grep
ac_cv_path_ac_pt_PKG_CONFIG=/usr/bin/pkg-config
ac_cv_prog_CPP='gcc -E'
ac_cv_prog_GREP_CHECK=yes
ac_cv_prog_LSPCI_CHECK=yes
ac_cv_prog_XRANDR_CHECK=yes
ac_cv_prog_ac_ct_CC=gcc
ac_cv_prog_cc_c89=
ac_cv_prog_cc_g=yes
ac_cv_type__Bool=yes

## ----------------- ##
## Output variables. ##
## ----------------- ##

CC='gcc'
CFLAGS='-g -O2'
CPP='gcc -E'
CPPFLAGS=''
DEFS='-DHAVE_CONFIG_H'
ECHO_C=''
ECHO_N='-n'
ECHO_T=''
EGREP='/bin/grep -E'
EXEEXT=''
GREP='/bin/grep'
GREP_CHECK='yes'
GTK_CFLAGS='-pthread -I/usr/include/gtk-3.0 -I/usr/include/at-spi2-atk/2.0 -I/usr/include/at-spi-2.0 -I/usr/include/dbus-1.0 -I/usr/lib/x86_64-linux-gnu/dbus-1.0/include -I/usr/include/gtk-3.0 -I/usr/include/gio-unix-2.0/ -I/usr/include/cairo -I/usr/include/pango-1.0 -I/usr/include/harfbuzz -I/usr/include/pango-1.0 -I/usr/include/fribidi -I/usr/include/atk-1.0 -I/usr/include/cairo -I/usr/include/pixman-1 -I/usr/include/uuid -I/usr/include/freetype2 -I/usr/include/libpng16 -I/usr/include/gdk-pixbuf-2.0 -I/usr/include/libpng16 -I/usr/include/glib-2.0 -I/usr/lib/x86_64-linux-gnu/glib-2.0/include'
GTK_LIBS='-lgtk-3 -lgdk-3 -lpangocairo-1.0 -lpango-1.0 -latk-1.0 -lcairo-gobject -lcairo -lgdk_pixbuf-2.0 -lgio-2.0 -lgobject-2.0 -lglib-2.0'
LDFLAGS=''
LIBOBJS=''
LIBS=''
LSPCI_CHECK='yes'
LTLIBOBJS=''
OBJEXT='o'
PACKAGE_BUGREPORT='jjh@sipmeeting.com'
PACKAGE_NAME='prime_select'
PACKAGE_STRING='prime_select 0.0.1'
PACKAGE_TARNAME='prime_select'
PACKAGE_URL=''
PACKAGE_VERSION='0.0.1'
PATH_SEPARATOR=':'
PKG_CONFIG='/usr/bin/pkg-config'
PKG_CONFIG_LIBDIR=''
PKG_CONFIG_PATH=''
SHELL='/bin/bash'
XRANDR_CHECK='yes'
ac_ct_CC='gcc'
bindir='${exec_prefix}/bin'
build_alias=''
datadir='${datarootdir}'
datarootdir='${prefix}/share'
docdir='${datarootdir}/doc/${PACKAGE_TARNAME}'
dvidir='${docdir}'
exec_prefix='${prefix}'
host_alias=''
htmldir='${docdir}'
includedir='${prefix}/include'
infodir='${datarootdir}/info'
libdir='${exec_prefix}/lib'
libexecdir='${exec_prefix}/libexec'
localedir='${datarootdir}/locale'
localstatedir='${prefix}/var'
mandir='${datarootdir}/man'
oldincludedir='/usr/include'
pdfdir='${docdir}'
prefix='/usr'
program_transform_name='s,x,x,'
psdir='${docdir}'
runstatedir='${localstatedir}/run'
sbindir='${exec_prefix}/sbin'
sharedstatedir='${prefix}/com'
sysconfdir='${prefix}/etc'
target_alias=''

## ----------- ##
## confdefs.h. ##
## ----------- ##

/* confdefs.h */
#define PACKAGE_NAME "prime_select"
#define PACKAGE_TARNAME "prime_select"
#define PACKAGE_VERSION "0.0.1"
#define PACKAGE_STRING "prime_select 0.0.1"
#define PACKAGE_BUGREPORT "jjh@sipmeeting.com"
#define PACKAGE_URL ""
#define STDC_HEADERS 1
#define HAVE_SYS_TYPES_H 1
#define HAVE_SYS_STAT_H 1
#define HAVE_STDLIB_H 1
#define HAVE_STRING_H 1
#define HAVE_MEMORY_H 1
#define HAVE_STRINGS_H 1
#define HAVE_INTTYPES_H 1
#define HAVE_STDINT_H 1
#define HAVE_UNISTD_H 1
#define HAVE_STDLIB_H 1
#define HAVE_UNISTD_H 1
#define HAVE_STDBOOL_H 1
#define HAVE_STDIO_H 1
#define HAVE__BOOL 1

configure: exit 0
